生成启动时间为 2018/8/5 23:43:01。
     1>项目“E:\dev\测试项目\opse开发\混合编程\CPlusConsoleCallCSharpDll\CPlusConsole\CPlusConsole\CPlusConsole.vcxproj”在节点 2 上(rebuild 个目标)。
     1>_PrepareForClean:
         正在删除文件“Debug\CPlusConsole.lastbuildstate”。
       InitializeBuildStatus:
         正在创建“Debug\CPlusConsole.unsuccessfulbuild”，因为已指定“AlwaysCreate”。
       ClCompile:
         D:\softwares\vs2010\VC\bin\CL.exe /c /ZI /nologo /W3 /WX- /Od /Oy- /D WIN32 /D _DEBUG /D _CONSOLE /D _UNICODE /D UNICODE /Gm /EHsc /RTC1 /MDd /GS /fp:precise /Zc:wchar_t /Zc:forScope /Yc"StdAfx.h" /Fp"Debug\CPlusConsole.pch" /Fo"Debug\\" /Fd"Debug\vc100.pdb" /Gd /TP /analyze- /errorReport:prompt stdafx.cpp
         stdafx.cpp
         D:\softwares\vs2010\VC\bin\CL.exe /c /ZI /nologo /W3 /WX- /Od /Oy- /D WIN32 /D _DEBUG /D _CONSOLE /D _UNICODE /D UNICODE /Gm /EHsc /RTC1 /MDd /GS /fp:precise /Zc:wchar_t /Zc:forScope /Yu"StdAfx.h" /Fp"Debug\CPlusConsole.pch" /Fo"Debug\\" /Fd"Debug\vc100.pdb" /Gd /TP /analyze- /errorReport:prompt CPlusConsole.cpp
         CPlusConsole.cpp
       ManifestResourceCompile:
         C:\Program Files (x86)\Microsoft SDKs\Windows\v7.0A\bin\rc.exe /nologo /fo"Debug\CPlusConsole.exe.embed.manifest.res" Debug\CPlusConsole_manifest.rc 
       Link:
         D:\softwares\vs2010\VC\bin\link.exe /ERRORREPORT:PROMPT /OUT:"E:\dev\测试项目\opse开发\混合编程\CPlusConsoleCallCSharpDll\CPlusConsole\Debug\CPlusConsole.exe" /INCREMENTAL /NOLOGO CLRCPlusCallCS.lib kernel32.lib user32.lib gdi32.lib winspool.lib comdlg32.lib advapi32.lib shell32.lib ole32.lib oleaut32.lib uuid.lib odbc32.lib odbccp32.lib /MANIFEST /ManifestFile:"Debug\CPlusConsole.exe.intermediate.manifest" /MANIFESTUAC:"level='asInvoker' uiAccess='false'" /DEBUG /PDB:"E:\dev\测试项目\opse开发\混合编程\CPlusConsoleCallCSharpDll\CPlusConsole\Debug\CPlusConsole.pdb" /SUBSYSTEM:CONSOLE /TLBID:1 /DYNAMICBASE /NXCOMPAT /IMPLIB:"E:\dev\测试项目\opse开发\混合编程\CPlusConsoleCallCSharpDll\CPlusConsole\Debug\CPlusConsole.lib" /MACHINE:X86 Debug\CPlusConsole.exe.embed.manifest.res
         Debug\CPlusConsole.obj
         Debug\stdafx.obj
       Manifest:
         正在删除文件“Debug\CPlusConsole.exe.embed.manifest”。
         C:\Program Files (x86)\Microsoft SDKs\Windows\v7.0A\bin\mt.exe /nologo /verbose /out:"Debug\CPlusConsole.exe.embed.manifest" /manifest Debug\CPlusConsole.exe.intermediate.manifest
         C:\Program Files (x86)\Microsoft SDKs\Windows\v7.0A\bin\rc.exe /nologo /fo"Debug\CPlusConsole.exe.embed.manifest.res" Debug\CPlusConsole_manifest.rc 
       LinkEmbedManifest:
         D:\softwares\vs2010\VC\bin\link.exe /ERRORREPORT:PROMPT /OUT:"E:\dev\测试项目\opse开发\混合编程\CPlusConsoleCallCSharpDll\CPlusConsole\Debug\CPlusConsole.exe" /INCREMENTAL /NOLOGO CLRCPlusCallCS.lib kernel32.lib user32.lib gdi32.lib winspool.lib comdlg32.lib advapi32.lib shell32.lib ole32.lib oleaut32.lib uuid.lib odbc32.lib odbccp32.lib /MANIFEST /ManifestFile:"Debug\CPlusConsole.exe.intermediate.manifest" /MANIFESTUAC:"level='asInvoker' uiAccess='false'" /DEBUG /PDB:"E:\dev\测试项目\opse开发\混合编程\CPlusConsoleCallCSharpDll\CPlusConsole\Debug\CPlusConsole.pdb" /SUBSYSTEM:CONSOLE /TLBID:1 /DYNAMICBASE /NXCOMPAT /IMPLIB:"E:\dev\测试项目\opse开发\混合编程\CPlusConsoleCallCSharpDll\CPlusConsole\Debug\CPlusConsole.lib" /MACHINE:X86 Debug\CPlusConsole.exe.embed.manifest.res
         Debug\CPlusConsole.obj
         Debug\stdafx.obj
         CPlusConsole.vcxproj -> E:\dev\测试项目\opse开发\混合编程\CPlusConsoleCallCSharpDll\CPlusConsole\Debug\CPlusConsole.exe
       FinalizeBuildStatus:
         正在删除文件“Debug\CPlusConsole.unsuccessfulbuild”。
         正在对“Debug\CPlusConsole.lastbuildstate”执行 Touch 任务。
     1>已完成生成项目“E:\dev\测试项目\opse开发\混合编程\CPlusConsoleCallCSharpDll\CPlusConsole\CPlusConsole\CPlusConsole.vcxproj”(rebuild 个目标)的操作。

生成成功。

已用时间 00:00:02.47
