E:\dev\测试项目\opse开发\混合编程\CPlusConsoleCallCSharpDll\CPlusConsole\CPlusConsole\Debug\cl.command.1.tlog
E:\dev\测试项目\opse开发\混合编程\CPlusConsoleCallCSharpDll\CPlusConsole\CPlusConsole\Debug\CL.read.1.tlog
E:\dev\测试项目\opse开发\混合编程\CPlusConsoleCallCSharpDll\CPlusConsole\CPlusConsole\Debug\CL.write.1.tlog
E:\DEV\测试项目\OPSE开发\混合编程\CPLUSCONSOLECALLCSHARPDLL\CPLUSCONSOLE\CPLUSCONSOLE\DEBUG\CPLUSCONSOLE.EXE.EMBED.MANIFEST
E:\DEV\测试项目\OPSE开发\混合编程\CPLUSCONSOLECALLCSHARPDLL\CPLUSCONSOLE\CPLUSCONSOLE\DEBUG\CPLUSCONSOLE.EXE.EMBED.MANIFEST.RES
E:\DEV\测试项目\OPSE开发\混合编程\CPLUSCONSOLECALLCSHARPDLL\CPLUSCONSOLE\CPLUSCONSOLE\DEBUG\CPLUSCONSOLE.EXE.INTERMEDIATE.MANIFEST
E:\DEV\测试项目\OPSE开发\混合编程\CPLUSCONSOLECALLCSHARPDLL\CPLUSCONSOLE\CPLUSCONSOLE\DEBUG\CPLUSCONSOLE.OBJ
E:\DEV\测试项目\OPSE开发\混合编程\CPLUSCONSOLECALLCSHARPDLL\CPLUSCONSOLE\CPLUSCONSOLE\DEBUG\CPLUSCONSOLE.PCH
E:\dev\测试项目\opse开发\混合编程\CPlusConsoleCallCSharpDll\CPlusConsole\CPlusConsole\Debug\CPlusConsole.write.1.tlog
E:\dev\测试项目\opse开发\混合编程\CPlusConsoleCallCSharpDll\CPlusConsole\CPlusConsole\Debug\CPlusConsole_manifest.rc
E:\dev\测试项目\opse开发\混合编程\CPlusConsoleCallCSharpDll\CPlusConsole\CPlusConsole\Debug\link.24140.read.1.tlog
E:\dev\测试项目\opse开发\混合编程\CPlusConsoleCallCSharpDll\CPlusConsole\CPlusConsole\Debug\link.24140.write.1.tlog
E:\dev\测试项目\opse开发\混合编程\CPlusConsoleCallCSharpDll\CPlusConsole\CPlusConsole\Debug\link.24140-cvtres.read.1.tlog
E:\dev\测试项目\opse开发\混合编程\CPlusConsoleCallCSharpDll\CPlusConsole\CPlusConsole\Debug\link.24140-cvtres.write.1.tlog
E:\dev\测试项目\opse开发\混合编程\CPlusConsoleCallCSharpDll\CPlusConsole\CPlusConsole\Debug\link.command.1.tlog
E:\dev\测试项目\opse开发\混合编程\CPlusConsoleCallCSharpDll\CPlusConsole\CPlusConsole\Debug\link.read.1.tlog
E:\dev\测试项目\opse开发\混合编程\CPlusConsoleCallCSharpDll\CPlusConsole\CPlusConsole\Debug\link.write.1.tlog
E:\dev\测试项目\opse开发\混合编程\CPlusConsoleCallCSharpDll\CPlusConsole\CPlusConsole\Debug\link-cvtres.read.1.tlog
E:\dev\测试项目\opse开发\混合编程\CPlusConsoleCallCSharpDll\CPlusConsole\CPlusConsole\Debug\link-cvtres.write.1.tlog
E:\dev\测试项目\opse开发\混合编程\CPlusConsoleCallCSharpDll\CPlusConsole\CPlusConsole\Debug\mt.command.1.tlog
E:\dev\测试项目\opse开发\混合编程\CPlusConsoleCallCSharpDll\CPlusConsole\CPlusConsole\Debug\mt.read.1.tlog
E:\dev\测试项目\opse开发\混合编程\CPlusConsoleCallCSharpDll\CPlusConsole\CPlusConsole\Debug\mt.write.1.tlog
E:\dev\测试项目\opse开发\混合编程\CPlusConsoleCallCSharpDll\CPlusConsole\CPlusConsole\Debug\rc.command.1.tlog
E:\dev\测试项目\opse开发\混合编程\CPlusConsoleCallCSharpDll\CPlusConsole\CPlusConsole\Debug\rc.read.1.tlog
E:\dev\测试项目\opse开发\混合编程\CPlusConsoleCallCSharpDll\CPlusConsole\CPlusConsole\Debug\rc.write.1.tlog
E:\DEV\测试项目\OPSE开发\混合编程\CPLUSCONSOLECALLCSHARPDLL\CPLUSCONSOLE\CPLUSCONSOLE\DEBUG\STDAFX.OBJ
E:\dev\测试项目\opse开发\混合编程\CPlusConsoleCallCSharpDll\CPlusConsole\CPlusConsole\Debug\vc100.idb
E:\DEV\测试项目\OPSE开发\混合编程\CPLUSCONSOLECALLCSHARPDLL\CPLUSCONSOLE\CPLUSCONSOLE\DEBUG\VC100.PDB
E:\DEV\测试项目\OPSE开发\混合编程\CPLUSCONSOLECALLCSHARPDLL\CPLUSCONSOLE\DEBUG\CPLUSCONSOLE.EXE
E:\DEV\测试项目\OPSE开发\混合编程\CPLUSCONSOLECALLCSHARPDLL\CPLUSCONSOLE\DEBUG\CPLUSCONSOLE.ILK
E:\DEV\测试项目\OPSE开发\混合编程\CPLUSCONSOLECALLCSHARPDLL\CPLUSCONSOLE\DEBUG\CPLUSCONSOLE.PDB
