E:\DEV\测试项目\OPSE开发\混合编程\CPLUSCONSOLECALLCSHARPDLL\CPLUSCONSOLE\CLRCPLUSCALLCS\DEBUG\APP.RES
E:\DEV\测试项目\OPSE开发\混合编程\CPLUSCONSOLECALLCSHARPDLL\CPLUSCONSOLE\CLRCPLUSCALLCS\DEBUG\ASSEMBLYINFO.OBJ
E:\dev\测试项目\opse开发\混合编程\CPlusConsoleCallCSharpDll\CPlusConsole\CLRCPlusCallCS\Debug\cl.command.1.tlog
E:\dev\测试项目\opse开发\混合编程\CPlusConsoleCallCSharpDll\CPlusConsole\CLRCPlusCallCS\Debug\CL.read.1.tlog
E:\dev\测试项目\opse开发\混合编程\CPlusConsoleCallCSharpDll\CPlusConsole\CLRCPlusCallCS\Debug\CL.write.1.tlog
E:\DEV\测试项目\OPSE开发\混合编程\CPLUSCONSOLECALLCSHARPDLL\CPLUSCONSOLE\CLRCPLUSCALLCS\DEBUG\CLRCPLUSCALLCS.DLL.INTERMEDIATE.MANIFEST
E:\DEV\测试项目\OPSE开发\混合编程\CPLUSCONSOLECALLCSHARPDLL\CPLUSCONSOLE\CLRCPLUSCALLCS\DEBUG\CLRCPLUSCALLCS.OBJ
E:\DEV\测试项目\OPSE开发\混合编程\CPLUSCONSOLECALLCSHARPDLL\CPLUSCONSOLE\CLRCPLUSCALLCS\DEBUG\CLRCPLUSCALLCS.PCH
E:\dev\测试项目\opse开发\混合编程\CPlusConsoleCallCSharpDll\CPlusConsole\CLRCPlusCallCS\Debug\CLRCPlusCallCS.write.1.tlog
E:\DEV\测试项目\OPSE开发\混合编程\CPLUSCONSOLECALLCSHARPDLL\CPLUSCONSOLE\CLRCPLUSCALLCS\DEBUG\CLREXPORTCPLUSAPI.OBJ
E:\dev\测试项目\opse开发\混合编程\CPlusConsoleCallCSharpDll\CPlusConsole\CLRCPlusCallCS\Debug\link.4004.read.1.tlog
E:\dev\测试项目\opse开发\混合编程\CPlusConsoleCallCSharpDll\CPlusConsole\CLRCPlusCallCS\Debug\link.4004.write.1.tlog
E:\dev\测试项目\opse开发\混合编程\CPlusConsoleCallCSharpDll\CPlusConsole\CLRCPlusCallCS\Debug\link.4004-cvtres.read.1.tlog
E:\dev\测试项目\opse开发\混合编程\CPlusConsoleCallCSharpDll\CPlusConsole\CLRCPlusCallCS\Debug\link.4004-cvtres.write.1.tlog
E:\dev\测试项目\opse开发\混合编程\CPlusConsoleCallCSharpDll\CPlusConsole\CLRCPlusCallCS\Debug\link.command.1.tlog
E:\dev\测试项目\opse开发\混合编程\CPlusConsoleCallCSharpDll\CPlusConsole\CLRCPlusCallCS\Debug\link.read.1.tlog
E:\dev\测试项目\opse开发\混合编程\CPlusConsoleCallCSharpDll\CPlusConsole\CLRCPlusCallCS\Debug\link.write.1.tlog
E:\dev\测试项目\opse开发\混合编程\CPlusConsoleCallCSharpDll\CPlusConsole\CLRCPlusCallCS\Debug\mt.command.1.tlog
E:\dev\测试项目\opse开发\混合编程\CPlusConsoleCallCSharpDll\CPlusConsole\CLRCPlusCallCS\Debug\mt.read.1.tlog
E:\dev\测试项目\opse开发\混合编程\CPlusConsoleCallCSharpDll\CPlusConsole\CLRCPlusCallCS\Debug\mt.write.1.tlog
E:\dev\测试项目\opse开发\混合编程\CPlusConsoleCallCSharpDll\CPlusConsole\CLRCPlusCallCS\Debug\rc.command.1.tlog
E:\dev\测试项目\opse开发\混合编程\CPlusConsoleCallCSharpDll\CPlusConsole\CLRCPlusCallCS\Debug\rc.read.1.tlog
E:\dev\测试项目\opse开发\混合编程\CPlusConsoleCallCSharpDll\CPlusConsole\CLRCPlusCallCS\Debug\rc.write.1.tlog
E:\DEV\测试项目\OPSE开发\混合编程\CPLUSCONSOLECALLCSHARPDLL\CPLUSCONSOLE\CLRCPLUSCALLCS\DEBUG\STDAFX.OBJ
E:\DEV\测试项目\OPSE开发\混合编程\CPLUSCONSOLECALLCSHARPDLL\CPLUSCONSOLE\CLRCPLUSCALLCS\DEBUG\VC100.PDB
E:\DEV\测试项目\OPSE开发\混合编程\CPLUSCONSOLECALLCSHARPDLL\CPLUSCONSOLE\DEBUG\CLRCPLUSCALLCS.DLL
E:\dev\测试项目\opse开发\混合编程\CPlusConsoleCallCSharpDll\CPlusConsole\Debug\CLRCPlusCallCS.exp
E:\DEV\测试项目\OPSE开发\混合编程\CPLUSCONSOLECALLCSHARPDLL\CPLUSCONSOLE\DEBUG\CLRCPLUSCALLCS.ILK
E:\dev\测试项目\opse开发\混合编程\CPlusConsoleCallCSharpDll\CPlusConsole\Debug\CLRCPlusCallCS.lib
E:\DEV\测试项目\OPSE开发\混合编程\CPLUSCONSOLECALLCSHARPDLL\CPLUSCONSOLE\DEBUG\CLRCPLUSCALLCS.PDB
E:\dev\测试项目\opse开发\混合编程\CPlusConsoleCallCSharpDll\CPlusConsole\Debug\CSDll.dll
E:\dev\测试项目\opse开发\混合编程\CPlusConsoleCallCSharpDll\CPlusConsole\Debug\CSDll.pdb
