生成启动时间为 2018/8/5 23:42:57。
     1>项目“E:\dev\测试项目\opse开发\混合编程\CPlusConsoleCallCSharpDll\CPlusConsole\CLRCPlusCallCS\CLRCPlusCallCS.vcxproj”在节点 2 上(rebuild 个目标)。
     1>_PrepareForClean:
         正在删除文件“Debug\CLRCPlusCallCS.lastbuildstate”。
       InitializeBuildStatus:
         正在创建“Debug\CLRCPlusCallCS.unsuccessfulbuild”，因为已指定“AlwaysCreate”。
       ClCompile:
         D:\softwares\vs2010\VC\bin\CL.exe /c /AI"C:\Program Files (x86)\Reference Assemblies\Microsoft\Framework\v3.5\\" /AIC:\Windows\Microsoft.NET\Framework\v3.5\ /AI"C:\Program Files (x86)\Reference Assemblies\Microsoft\Framework\v3.0\\" /AIC:\Windows\Microsoft.NET\Framework\v3.0\ /AIC:\Windows\Microsoft.NET\Framework\v2.0.50727\ /Zi /clr /nologo /W3 /WX- /Od /Oy- /D WIN32 /D _DEBUG /D CLREXPORTCPLUSAPI_H_ /D _WINDLL /D _UNICODE /D UNICODE /EHa /MDd /GS /fp:precise /Zc:wchar_t /Zc:forScope /Yc"StdAfx.h" /Fp"Debug\CLRCPlusCallCS.pch" /Fo"Debug\\" /Fd"Debug\vc100.pdb" /TP /FU"E:\dev\测试项目\opse开发\混合编程\CSDll\CSDll\bin\Debug\CSDll.dll" /FU"C:\Program Files (x86)\Reference Assemblies\Microsoft\Framework\v3.5\System.Core.dll" /FUC:\Windows\Microsoft.NET\Framework\v2.0.50727\System.Data.dll /FUC:\Windows\Microsoft.NET\Framework\v2.0.50727\System.dll /FUC:\Windows\Microsoft.NET\Framework\v2.0.50727\System.Xml.dll /analyze- /errorReport:prompt Stdafx.cpp /d1clr:nostdlib 
         Stdafx.cpp
         D:\softwares\vs2010\VC\bin\CL.exe /c /AI"C:\Program Files (x86)\Reference Assemblies\Microsoft\Framework\v3.5\\" /AIC:\Windows\Microsoft.NET\Framework\v3.5\ /AI"C:\Program Files (x86)\Reference Assemblies\Microsoft\Framework\v3.0\\" /AIC:\Windows\Microsoft.NET\Framework\v3.0\ /AIC:\Windows\Microsoft.NET\Framework\v2.0.50727\ /Zi /clr /nologo /W3 /WX- /Od /Oy- /D WIN32 /D _DEBUG /D CLREXPORTCPLUSAPI_H_ /D _WINDLL /D _UNICODE /D UNICODE /EHa /MDd /GS /fp:precise /Zc:wchar_t /Zc:forScope /Yu"StdAfx.h" /Fp"Debug\CLRCPlusCallCS.pch" /Fo"Debug\\" /Fd"Debug\vc100.pdb" /TP /FU"E:\dev\测试项目\opse开发\混合编程\CSDll\CSDll\bin\Debug\CSDll.dll" /FU"C:\Program Files (x86)\Reference Assemblies\Microsoft\Framework\v3.5\System.Core.dll" /FUC:\Windows\Microsoft.NET\Framework\v2.0.50727\System.Data.dll /FUC:\Windows\Microsoft.NET\Framework\v2.0.50727\System.dll /FUC:\Windows\Microsoft.NET\Framework\v2.0.50727\System.Xml.dll /analyze- /errorReport:prompt AssemblyInfo.cpp CLRCPlusCallCS.cpp CLRExportCPlusApi.cpp /d1clr:nostdlib 
         AssemblyInfo.cpp
         CLRCPlusCallCS.cpp
         CLRExportCPlusApi.cpp
         正在生成代码...
       ResourceCompile:
         C:\Program Files (x86)\Microsoft SDKs\Windows\v7.0A\bin\rc.exe /D _UNICODE /D UNICODE /l"0x0409" /nologo /fo"Debug\app.res" app.rc 
       Link:
         D:\softwares\vs2010\VC\bin\link.exe /ERRORREPORT:PROMPT /OUT:"E:\dev\测试项目\opse开发\混合编程\CPlusConsoleCallCSharpDll\CPlusConsole\Debug\CLRCPlusCallCS.dll" /INCREMENTAL /NOLOGO /MANIFEST /ManifestFile:"Debug\CLRCPlusCallCS.dll.intermediate.manifest" /MANIFESTUAC:"level='asInvoker' uiAccess='false'" /DEBUG /PDB:"E:\dev\测试项目\opse开发\混合编程\CPlusConsoleCallCSharpDll\CPlusConsole\Debug\CLRCPlusCallCS.pdb" /ASSEMBLYDEBUG /TLBID:1 /DYNAMICBASE /FIXED:NO /NXCOMPAT /MACHINE:X86 /DLL Debug\app.res
         Debug\AssemblyInfo.obj
         Debug\CLRCPlusCallCS.obj
         Debug\CLRExportCPlusApi.obj
         Debug\Stdafx.obj
            正在创建库 E:\dev\测试项目\opse开发\混合编程\CPlusConsoleCallCSharpDll\CPlusConsole\Debug\CLRCPlusCallCS.lib 和对象 E:\dev\测试项目\opse开发\混合编程\CPlusConsoleCallCSharpDll\CPlusConsole\Debug\CLRCPlusCallCS.exp
         CLRCPlusCallCS.vcxproj -> E:\dev\测试项目\opse开发\混合编程\CPlusConsoleCallCSharpDll\CPlusConsole\Debug\CLRCPlusCallCS.dll
       Manifest:
         C:\Program Files (x86)\Microsoft SDKs\Windows\v7.0A\bin\mt.exe /nologo /verbose /outputresource:"E:\dev\测试项目\opse开发\混合编程\CPlusConsoleCallCSharpDll\CPlusConsole\Debug\CLRCPlusCallCS.dll;#2" /manifest Debug\CLRCPlusCallCS.dll.intermediate.manifest
       _CopyFilesMarkedCopyLocal:
         正在将文件从“E:\dev\测试项目\opse开发\混合编程\CSDll\CSDll\bin\Debug\CSDll.dll”复制到“E:\dev\测试项目\opse开发\混合编程\CPlusConsoleCallCSharpDll\CPlusConsole\Debug\CSDll.dll”。
         正在将文件从“E:\dev\测试项目\opse开发\混合编程\CSDll\CSDll\bin\Debug\CSDll.pdb”复制到“E:\dev\测试项目\opse开发\混合编程\CPlusConsoleCallCSharpDll\CPlusConsole\Debug\CSDll.pdb”。
       FinalizeBuildStatus:
         正在删除文件“Debug\CLRCPlusCallCS.unsuccessfulbuild”。
         正在对“Debug\CLRCPlusCallCS.lastbuildstate”执行 Touch 任务。
     1>已完成生成项目“E:\dev\测试项目\opse开发\混合编程\CPlusConsoleCallCSharpDll\CPlusConsole\CLRCPlusCallCS\CLRCPlusCallCS.vcxproj”(rebuild 个目标)的操作。

生成成功。

已用时间 00:00:01.49
